2026-04-21 10:34:05, MOVE, v:1, k:ed@resto, mode:EDIT
2026-04-21 10:39:16, MOVE, v:1, k:ed@resto, mode:EDIT
2026-04-21 10:39:33, MOVE, v:1, k:ed@resto, mode:PICK
2026-04-21 10:39:37, EXEC, v:1, k:ed@resto, mode:FULL, rate:0, size:16
2026-04-21 10:39:57, EXEC, v:1, k:ed@resto, mode:FULL, rate:0, size:19
2026-04-21 10:40:08, EXEC, v:1, k:ed@resto, mode:FULL, rate:0, size:18
2026-04-21 10:40:34, EXEC, v:1, k:ed@resto, mode:FULL, rate:0, size:18
2026-04-21 10:41:27, EXEC, v:1, k:ed@resto, mode:FULL, rate:0, size:19
2026-04-21 10:42:31, EXEC, v:1, k:ed@resto, mode:FULL, rate:0, size:19
2026-04-21 10:42:30, MOVE, v:1, k:ed@resto, mode:EDIT
2026-04-21 10:42:30, MOVE, v:1, k:ed@resto, mode:EDIT
2026-04-21 10:44:45, EXEC, v:1, k:ed@resto, mode:FULL, rate:0, size:19
2026-04-21 10:45:25, EXEC, v:1, k:ed@resto, mode:FULL, rate:0, size:19
2026-04-21 10:46:38, EXEC, v:1, k:ed@resto, mode:FULL, rate:0, size:20
2026-04-21 10:46:47, EXEC, v:1, k:ed@resto, mode:FULL, rate:100, size:19
2026-04-21 10:48:29, MOVE, v:1, k:ed@resto, mode:BACK
2026-04-21 10:46:45, MOVE, v:1, k:ed@resto, mode:EDIT
2026-04-21 10:49:37, MOVE, v:1, k:ed@resto, mode:PICK
2026-04-21 10:49:39, MOVE, v:1, k:ed@resto, mode:BACK
2026-04-21 10:49:52, SELF, v:1, k:ed@resto, self:1, rate:100, study:20
2026-04-21 10:49:52, MOVE, v:1, k:ed@resto, mode:PICK
2026-04-21 10:49:52, EXEC, v:1, k:ed@resto, mode:FULL, rate:100
2026-04-21 10:49:54, EXEC, v:1, k:ed@resto, mode:FULL, rate:100
2026-04-21 10:49:54, EXEC, v:1, k:ed@resto, mode:FULL, rate:100
2026-04-21 10:49:54, EXEC, v:1, k:ed@resto, mode:FULL, rate:100
2026-04-21 10:49:55, EXEC, v:1, k:ed@resto, mode:FULL, rate:100
2026-04-21 10:49:55, EXEC, v:1, k:ed@resto, mode:FULL, rate:100
2026-04-21 10:49:55, EXEC, v:1, k:ed@resto, mode:FULL, rate:100
2026-04-21 10:49:56, EXEC, v:1, k:ed@resto, mode:FULL, rate:100
2026-04-21 10:49:56, EXEC, v:1, k:ed@resto, mode:FULL, rate:100
2026-04-21 10:49:56, EXEC, v:1, k:ed@resto, mode:FULL, rate:100
2026-04-21 10:49:57, EXEC, v:1, k:ed@resto, mode:FULL, rate:100
2026-04-21 10:50:13, MOVE, v:1, k:ed@resto, mode:BACK
2026-04-21 10:52:37, MOVE, v:1, k:ed@mdc, mode:DOWN
2026-04-21 10:52:37, MOVE, v:1, k:ed@mdc, mode:EDIT
2026-04-21 10:52:37, MOVE, v:1, k:ed@mdc, mode:EDIT
2026-04-21 10:52:37, MOVE, v:1, k:ed@mdc, mode:EDIT
2026-04-21 10:52:37, MOVE, v:1, k:ed@mdc, mode:EDIT
2026-04-21 10:52:37, MOVE, v:1, k:ed@mdc, mode:EDIT
2026-04-21 10:52:37, MOVE, v:1, k:ed@mdc, mode:EDIT
2026-04-21 10:52:37, MOVE, v:1, k:ed@mdc, mode:EDIT
2026-04-21 10:52:37, MOVE, v:1, k:ed@mdc, mode:EDIT
2026-04-21 10:52:37, MOVE, v:1, k:ed@mdc, mode:EDIT
2026-04-21 10:58:47, MOVE, v:1, k:ed@mdc, mode:EDIT
2026-04-21 10:59:21, MOVE, v:1, k:ed@mdc, mode:PICK
2026-04-21 10:59:22, EXEC, v:1, k:ed@mdc, mode:FULL, rate:100, size:18
2026-04-21 10:59:23, EXEC, v:1, k:ed@mdc, mode:FULL, rate:100
2026-04-21 10:59:23, EXEC, v:1, k:ed@mdc, mode:FULL, rate:100
2026-04-21 10:59:09, MOVE, v:1, k:ed@mdc, mode:EDIT
2026-04-21 10:59:24, EXEC, v:1, k:ed@mdc, mode:FULL, rate:100
2026-04-21 10:59:24, EXEC, v:1, k:ed@mdc, mode:FULL, rate:100
2026-04-21 10:59:25, EXEC, v:1, k:ed@mdc, mode:FULL, rate:100
2026-04-21 10:59:25, EXEC, v:1, k:ed@mdc, mode:FULL, rate:100
2026-04-21 10:59:25, EXEC, v:1, k:ed@mdc, mode:FULL, rate:100
2026-04-21 10:59:26, EXEC, v:1, k:ed@mdc, mode:FULL, rate:100
2026-04-21 10:59:26, EXEC, v:1, k:ed@mdc, mode:FULL, rate:100
2026-04-21 10:59:09, MOVE, v:1, k:ed@mdc, mode:EDIT
2026-04-21 10:59:51, MOVE, v:1, k:ed@mdc, mode:BACK
2026-04-21 11:00:07, SELF, v:1, k:ed@mdc, self:1, rate:100, study:10
2026-04-21 11:00:07, MOVE, v:1, k:ed@mdc, mode:PICK
2026-04-21 11:00:18, MOVE, v:1, k:ed@mdc, mode:BACK
2026-04-21 10:59:09, MOVE, v:1, k:ed@mdc, mode:EDIT
