2026-05-23 19:23:41, MOVE, v:1, k:ed@lista_d3, mode:DOWN
2026-05-23 19:23:41, MOVE, v:1, k:ed@lista_d3, mode:EDIT
2026-05-23 19:23:41, MOVE, v:1, k:ed@lista_d3, mode:EDIT
2026-05-23 19:23:41, MOVE, v:1, k:ed@lista_d3, mode:EDIT
2026-05-23 22:53:42, MOVE, v:1, k:ed@quadrado, mode:EDIT
2026-05-23 22:58:21, MOVE, v:1, k:ed@quadrado, mode:PICK
2026-05-23 22:58:22, EXEC, v:1, k:ed@quadrado, mode:FULL, rate:0, size:17
2026-05-23 22:58:31, EXEC, v:1, k:ed@quadrado, mode:FULL, rate:0, size:16
2026-05-23 22:58:29, MOVE, v:1, k:ed@quadrado, mode:EDIT
2026-05-23 22:58:45, EXEC, v:1, k:ed@quadrado, mode:FULL, rate:0, size:16
2026-05-23 23:00:14, EXEC, v:1, k:ed@quadrado, mode:FULL, rate:0, size:18
2026-05-23 23:00:34, EXEC, v:1, k:ed@quadrado, mode:FULL, rate:0, size:18
2026-05-23 23:00:45, EXEC, v:1, k:ed@quadrado, mode:FULL, rate:0
2026-05-23 23:00:45, EXEC, v:1, k:ed@quadrado, mode:FULL, rate:0
2026-05-23 23:00:46, EXEC, v:1, k:ed@quadrado, mode:FULL, rate:0
2026-05-23 23:01:07, EXEC, v:1, k:ed@quadrado, mode:FULL, rate:0, size:21
2026-05-23 23:01:09, EXEC, v:1, k:ed@quadrado, mode:FULL, rate:0
2026-05-23 23:01:30, EXEC, v:1, k:ed@quadrado, mode:FULL, rate:0, size:21
2026-05-23 23:01:32, EXEC, v:1, k:ed@quadrado, mode:FULL, rate:0
2026-05-23 23:03:42, MOVE, v:1, k:ed@quadrado, mode:EDIT
2026-05-23 23:03:50, EXEC, v:1, k:ed@quadrado, mode:FULL, rate:0, size:21
2026-05-23 23:05:09, EXEC, v:1, k:ed@quadrado, mode:FULL, rate:0, size:19
2026-05-23 23:05:20, EXEC, v:1, k:ed@quadrado, mode:FULL, rate:0, size:20
2026-05-23 23:06:35, EXEC, v:1, k:ed@quadrado, mode:FULL, rate:0, size:19
2026-05-23 23:06:44, EXEC, v:1, k:ed@quadrado, mode:FULL, rate:0, size:21
2026-05-23 23:07:01, EXEC, v:1, k:ed@quadrado, mode:FULL, rate:5, size:21
2026-05-23 23:07:48, EXEC, v:1, k:ed@quadrado, mode:FULL, rate:5, size:21
2026-05-23 23:08:42, MOVE, v:1, k:ed@quadrado, mode:EDIT
2026-05-23 23:11:25, EXEC, v:1, k:ed@quadrado, mode:FULL, rate:5, size:21
2026-05-23 23:12:34, EXEC, v:1, k:ed@quadrado, mode:FULL, rate:5, size:21
2026-05-23 23:13:27, MOVE, v:1, k:ed@quadrado, mode:EDIT
2026-05-23 23:17:25, EXEC, v:1, k:ed@quadrado, mode:FULL, rate:5, size:23
2026-05-23 23:17:54, EXEC, v:1, k:ed@quadrado, mode:FULL, rate:5, size:23
2026-05-23 23:18:02, EXEC, v:1, k:ed@quadrado, mode:FULL, rate:100, size:23
2026-05-23 23:18:07, MOVE, v:1, k:ed@quadrado, mode:BACK
2026-05-23 23:18:19, SELF, v:1, k:ed@quadrado, self:1, rate:100, study:25
2026-05-23 23:18:58, MOVE, v:1, k:ed@bitcoin, mode:DOWN
