2026-07-07 10:24:42, MOVE, v:1, k:ed@cercado, mode:PICK
2026-07-07 10:24:45, EXEC, v:1, k:ed@cercado, mode:FULL, rate:33, size:29
2026-07-07 10:24:48, MOVE, v:1, k:ed@cercado, mode:BACK
2026-07-07 10:34:41, MOVE, v:1, k:ed@cercado, mode:EDIT
2026-07-07 11:15:59, MOVE, v:1, k:ed@cercado, mode:PICK
2026-07-07 11:16:00, EXEC, v:1, k:ed@cercado, mode:FULL, rate:33, size:29
2026-07-07 11:20:16, MOVE, v:1, k:ed@cercado, mode:EDIT
2026-07-07 11:25:37, MOVE, v:1, k:ed@cercado, mode:EDIT
2026-07-07 11:26:55, MOVE, v:1, k:ed@cercado, mode:EDIT
2026-07-07 11:45:37, MOVE, v:1, k:ed@cercado, mode:EDIT
2026-07-07 11:48:32, EXEC, v:1, k:ed@cercado, mode:FULL, rate:33, size:68
2026-07-07 11:48:28, MOVE, v:1, k:ed@cercado, mode:EDIT
2026-07-07 11:52:19, EXEC, v:1, k:ed@cercado, mode:FULL, rate:33, size:68
2026-07-07 11:53:35, EXEC, v:1, k:ed@cercado, mode:FULL, rate:100, size:68
2026-07-07 11:53:36, EXEC, v:1, k:ed@cercado, mode:FULL, rate:100
2026-07-07 11:53:36, EXEC, v:1, k:ed@cercado, mode:FULL, rate:100
2026-07-07 11:53:36, EXEC, v:1, k:ed@cercado, mode:FULL, rate:100
2026-07-07 11:53:36, EXEC, v:1, k:ed@cercado, mode:FULL, rate:100
2026-07-07 11:53:36, EXEC, v:1, k:ed@cercado, mode:FULL, rate:100
2026-07-07 11:53:36, EXEC, v:1, k:ed@cercado, mode:FULL, rate:100
2026-07-07 11:53:37, EXEC, v:1, k:ed@cercado, mode:FULL, rate:100
2026-07-07 11:53:37, EXEC, v:1, k:ed@cercado, mode:FULL, rate:100
2026-07-07 11:53:37, EXEC, v:1, k:ed@cercado, mode:FULL, rate:100
2026-07-07 11:53:38, EXEC, v:1, k:ed@cercado, mode:FULL, rate:100
2026-07-07 11:53:38, EXEC, v:1, k:ed@cercado, mode:FULL, rate:100
2026-07-07 11:53:38, MOVE, v:1, k:ed@cercado, mode:BACK
2026-07-07 11:53:38, MOVE, v:1, k:ed@cercado, mode:PICK
2026-07-07 11:53:39, MOVE, v:1, k:ed@cercado, mode:BACK
2026-07-07 11:53:58, SELF, v:1, k:ed@cercado, self:1, rate:100, study:45
2026-07-07 11:54:44, MOVE, v:1, k:ed@caminho, mode:DOWN
2026-07-07 12:10:49, MOVE, v:1, k:ed@fractais_png, mode:PICK
2026-07-07 12:10:51, EXEC, v:1, k:ed@fractais_png, mode:LOCK, rate:0
2026-07-07 12:10:53, MOVE, v:1, k:ed@fractais_png, mode:BACK
2026-07-07 15:55:19, MOVE, v:1, k:ed@caminho, mode:EDIT
2026-07-07 16:00:27, MOVE, v:1, k:ed@caminho, mode:EDIT
2026-07-07 16:04:46, MOVE, v:1, k:ed@caminho, mode:EDIT
2026-07-07 16:09:48, MOVE, v:1, k:ed@caminho, mode:EDIT
2026-07-07 21:06:42, MOVE, v:1, k:ed@caminho, mode:EDIT
2026-07-07 21:10:23, MOVE, v:1, k:ed@caminho, mode:PICK
2026-07-07 21:10:23, EXEC, v:1, k:ed@caminho, mode:FULL, size:142, fail:COMP
2026-07-07 21:11:56, MOVE, v:1, k:ed@caminho, mode:EDIT
2026-07-07 21:14:43, EXEC, v:1, k:ed@caminho, mode:FULL, size:154, fail:COMP
2026-07-07 21:16:00, EXEC, v:1, k:ed@caminho, mode:FULL, size:155, fail:COMP
2026-07-07 21:17:02, EXEC, v:1, k:ed@caminho, mode:FULL, rate:0, size:155
2026-07-07 21:16:59, MOVE, v:1, k:ed@caminho, mode:EDIT
2026-07-07 21:18:07, EXEC, v:1, k:ed@caminho, mode:FULL, rate:100, size:156
2026-07-07 21:18:08, EXEC, v:1, k:ed@caminho, mode:FULL, rate:100
2026-07-07 21:18:08, EXEC, v:1, k:ed@caminho, mode:FULL, rate:100
2026-07-07 21:18:09, EXEC, v:1, k:ed@caminho, mode:FULL, rate:100
2026-07-07 21:18:09, EXEC, v:1, k:ed@caminho, mode:FULL, rate:100
2026-07-07 21:18:09, EXEC, v:1, k:ed@caminho, mode:FULL, rate:100
2026-07-07 21:18:10, EXEC, v:1, k:ed@caminho, mode:FULL, rate:100
2026-07-07 21:18:10, EXEC, v:1, k:ed@caminho, mode:FULL, rate:100
2026-07-07 21:18:10, EXEC, v:1, k:ed@caminho, mode:FULL, rate:100
2026-07-07 21:18:11, EXEC, v:1, k:ed@caminho, mode:FULL, rate:100
2026-07-07 21:18:11, EXEC, v:1, k:ed@caminho, mode:FULL, rate:100
2026-07-07 21:18:12, EXEC, v:1, k:ed@caminho, mode:FULL, rate:100
2026-07-07 21:18:12, EXEC, v:1, k:ed@caminho, mode:FULL, rate:100
2026-07-07 21:18:23, SELF, v:1, k:ed@caminho, self:1, rate:100, study:50
2026-07-07 21:18:23, EXEC, v:1, k:ed@caminho, mode:FULL, rate:100
2026-07-07 21:18:25, MOVE, v:1, k:ed@caminho, mode:BACK
