2026-06-02 07:37:08, MOVE, v:1, k:ed@serial, mode:BACK
2026-06-02 10:00:55, MOVE, v:1, k:ed@formatada, mode:DOWN
2026-06-02 10:05:18, MOVE, v:1, k:ed@formatada, mode:PICK
2026-06-02 10:05:19, EXEC, v:1, k:ed@formatada, mode:FULL, rate:0, size:76
2026-06-02 10:00:55, MOVE, v:1, k:ed@formatada, mode:EDIT
2026-06-02 10:00:55, MOVE, v:1, k:ed@formatada, mode:EDIT
2026-06-02 10:05:01, MOVE, v:1, k:ed@formatada, mode:EDIT
2026-06-02 10:07:30, EXEC, v:1, k:ed@formatada, mode:FULL, rate:0, size:80
2026-06-02 10:07:43, EXEC, v:1, k:ed@formatada, mode:FULL, rate:0, size:81
2026-06-02 10:07:43, MOVE, v:1, k:ed@formatada, mode:EDIT
2026-06-02 10:16:01, EXEC, v:1, k:ed@formatada, mode:FULL, rate:0, size:80
2026-06-02 10:15:59, MOVE, v:1, k:ed@formatada, mode:EDIT
2026-06-02 10:24:57, EXEC, v:1, k:ed@formatada, mode:FULL, rate:14, size:82
2026-06-02 10:25:36, MOVE, v:1, k:ed@formatada, mode:EDIT
2026-06-02 10:26:01, EXEC, v:1, k:ed@formatada, mode:FULL, rate:0, size:86
2026-06-02 10:27:26, EXEC, v:1, k:ed@formatada, mode:FULL, rate:0, size:88
2026-06-02 10:27:42, EXEC, v:1, k:ed@formatada, mode:FULL, rate:0, size:88
2026-06-02 10:28:53, EXEC, v:1, k:ed@formatada, mode:FULL, rate:0, size:87
2026-06-02 10:30:14, EXEC, v:1, k:ed@formatada, mode:FULL, rate:0, size:90
2026-06-02 10:30:13, MOVE, v:1, k:ed@formatada, mode:EDIT
2026-06-02 10:31:29, EXEC, v:1, k:ed@formatada, mode:FULL, rate:0, size:88
2026-06-02 10:32:22, EXEC, v:1, k:ed@formatada, mode:FULL, rate:0, size:87
2026-06-02 10:33:46, EXEC, v:1, k:ed@formatada, mode:FULL, rate:14, size:91
2026-06-02 10:34:15, EXEC, v:1, k:ed@formatada, mode:FULL, rate:100, size:94
2026-06-02 10:34:19, MOVE, v:1, k:ed@formatada, mode:BACK
2026-06-02 10:34:30, SELF, v:1, k:ed@formatada, self:1, rate:100, study:45
2026-06-02 10:34:30, MOVE, v:1, k:ed@formatada, mode:PICK
2026-06-02 10:34:31, EXEC, v:1, k:ed@formatada, mode:FULL, rate:100
2026-06-02 10:34:33, MOVE, v:1, k:ed@formatada, mode:BACK
2026-06-02 10:39:07, MOVE, v:1, k:ed@inverter, mode:DOWN
2026-06-02 10:34:49, MOVE, v:1, k:ed@formatada, mode:EDIT
2026-06-02 10:39:07, MOVE, v:1, k:ed@inverter, mode:EDIT
2026-06-02 10:39:07, MOVE, v:1, k:ed@inverter, mode:EDIT
2026-06-02 10:39:07, MOVE, v:1, k:ed@inverter, mode:EDIT
