2026-04-13 15:52:27, MOVE, v:1, k:eval1@baruel, mode:DOWN
2026-04-13 15:54:46, MOVE, v:1, k:eval1@casais, mode:DOWN
2026-04-13 15:52:27, MOVE, v:1, k:eval1@baruel, mode:EDIT
2026-04-13 15:52:27, MOVE, v:1, k:eval1@baruel, mode:EDIT
2026-04-13 15:54:46, MOVE, v:1, k:eval1@casais, mode:EDIT
2026-04-13 15:54:46, MOVE, v:1, k:eval1@casais, mode:EDIT
2026-04-13 15:57:07, MOVE, v:1, k:eval1@casais, mode:EDIT
2026-04-13 16:00:15, MOVE, v:1, k:eval1@casais, mode:PICK
2026-04-13 16:00:16, EXEC, v:1, k:eval1@casais, mode:FULL, rate:0, size:22
2026-04-13 16:01:54, MOVE, v:1, k:eval1@casais, mode:EDIT
2026-04-13 16:02:53, EXEC, v:1, k:eval1@casais, mode:FULL, rate:0, size:26
2026-04-13 16:03:14, EXEC, v:1, k:eval1@casais, mode:FULL, rate:0, size:27
2026-04-13 16:03:18, EXEC, v:1, k:eval1@casais, mode:FULL, rate:0
2026-04-13 16:06:18, EXEC, v:1, k:eval1@casais, mode:FULL, rate:0, size:25
2026-04-13 16:06:33, EXEC, v:1, k:eval1@casais, mode:FULL, rate:0, size:25
2026-04-13 16:06:46, EXEC, v:1, k:eval1@casais, mode:FULL, rate:50, size:24
2026-04-13 16:06:41, MOVE, v:1, k:eval1@casais, mode:EDIT
2026-04-13 16:07:48, EXEC, v:1, k:eval1@casais, mode:FULL, rate:0, size:24
2026-04-13 16:08:08, EXEC, v:1, k:eval1@casais, mode:FULL, rate:50, size:24
2026-04-13 16:08:14, EXEC, v:1, k:eval1@casais, mode:FULL, rate:25, size:24
2026-04-13 16:08:20, EXEC, v:1, k:eval1@casais, mode:FULL, rate:50, size:24
2026-04-13 16:09:35, EXEC, v:1, k:eval1@casais, mode:FULL, rate:100, size:24
2026-04-13 16:09:54, MOVE, v:1, k:eval1@casais, mode:BACK
2026-04-13 16:10:01, MOVE, v:1, k:eval1@apagando, mode:DOWN
2026-04-13 16:09:33, MOVE, v:1, k:eval1@casais, mode:EDIT
2026-04-13 16:10:01, MOVE, v:1, k:eval1@apagando, mode:EDIT
2026-04-13 16:10:01, MOVE, v:1, k:eval1@apagando, mode:EDIT
2026-04-13 16:12:07, MOVE, v:1, k:eval1@apagando, mode:EDIT
2026-04-13 16:16:40, MOVE, v:1, k:eval1@triangulo, mode:DOWN
2026-04-13 16:15:56, MOVE, v:1, k:eval1@apagando, mode:EDIT
2026-04-13 16:16:40, MOVE, v:1, k:eval1@triangulo, mode:EDIT
2026-04-13 16:16:40, MOVE, v:1, k:eval1@triangulo, mode:EDIT
2026-04-13 16:16:40, MOVE, v:1, k:eval1@triangulo, mode:EDIT
2026-04-13 16:21:32, MOVE, v:1, k:eval1@apagando, mode:EDIT
2026-04-13 16:22:07, MOVE, v:1, k:eval1@baruel, mode:EDIT
2026-04-13 19:38:41, MOVE, v:1, k:ed@fractais_png, mode:PICK
2026-04-13 19:38:42, EXEC, v:1, k:ed@fractais_png, mode:LOCK, rate:0, size:133
2026-04-13 19:41:15, EXEC, v:1, k:ed@fractais_png, mode:LOCK, rate:0, size:133
2026-04-13 19:42:36, EXEC, v:1, k:ed@fractais_png, mode:LOCK, rate:0, size:130
2026-04-13 19:42:58, EXEC, v:1, k:ed@fractais_png, mode:LOCK, rate:0, size:130
2026-04-13 19:42:58, MOVE, v:1, k:ed@fractais_png, mode:EDIT
2026-04-13 19:42:55, MOVE, v:1, k:ed@fractais_png, mode:EDIT
2026-04-13 19:45:47, MOVE, v:1, k:ed@fractais_png, mode:EDIT
2026-04-13 19:46:43, MOVE, v:1, k:ed@fractais_png, mode:EDIT
2026-04-13 20:08:24, MOVE, v:1, k:ed@fractais_png, mode:EDIT
2026-04-13 20:10:12, EXEC, v:1, k:ed@fractais_png, mode:LOCK, rate:0, size:136
2026-04-13 20:11:19, EXEC, v:1, k:ed@fractais_png, mode:LOCK, rate:0, size:137
2026-04-13 20:13:04, EXEC, v:1, k:ed@fractais_png, mode:LOCK, rate:0, size:137
2026-04-13 20:13:03, MOVE, v:1, k:ed@fractais_png, mode:EDIT
2026-04-13 20:13:04, MOVE, v:1, k:ed@fractais_png, mode:EDIT
2026-04-13 20:27:04, MOVE, v:1, k:ed@fractais_png, mode:EDIT
2026-04-13 20:35:41, MOVE, v:1, k:ed@fractais_png, mode:EDIT
