2026-04-26 11:51:36, SELF, v:1, k:ed@apagando, self:1, rate:100, study:25
2026-04-26 11:51:37, MOVE, v:1, k:ed@apagando, mode:PICK
2026-04-26 11:51:39, EXEC, v:1, k:ed@apagando, mode:FULL, rate:100
2026-04-26 11:51:40, MOVE, v:1, k:ed@apagando, mode:BACK
2026-04-26 11:52:11, SELF, v:1, k:ed@triangulo, self:1, rate:100, study:40
2026-04-26 11:52:23, MOVE, v:1, k:ed@resto, mode:PICK
2026-04-26 11:52:25, EXEC, v:1, k:ed@resto, mode:FULL, rate:100
2026-04-26 11:52:25, EXEC, v:1, k:ed@resto, mode:FULL, rate:100
2026-04-26 11:52:26, MOVE, v:1, k:ed@resto, mode:BACK
2026-04-26 11:52:32, SELF, v:1, k:ed@resto, self:1, rate:100, study:25
2026-04-26 11:52:49, SELF, v:1, k:ed@mdc, self:1, rate:100, study:15
2026-04-26 11:53:15, SELF, v:1, k:ed@fractais_png, self:1, study:450, concept:1
2026-04-26 11:53:33, SELF, v:1, k:ed@eh_primo, self:1, rate:100, study:20
2026-04-26 11:54:04, MOVE, v:1, k:ed@vetbuild, mode:DOWN
2026-04-26 11:54:04, MOVE, v:1, k:ed@vetbuild, mode:EDIT
2026-04-26 11:54:04, MOVE, v:1, k:ed@vetbuild, mode:EDIT
2026-04-26 11:54:04, MOVE, v:1, k:ed@vetbuild, mode:EDIT
2026-04-26 11:54:04, MOVE, v:1, k:ed@vetbuild, mode:EDIT
2026-04-26 11:54:12, MOVE, v:1, k:ed@mdc, mode:EDIT
2026-04-26 12:44:48, MOVE, v:1, k:ed@vetbuild, mode:EDIT
2026-04-26 17:00:46, MOVE, v:1, k:ed@vetbuild, mode:EDIT
2026-04-26 17:05:20, MOVE, v:1, k:ed@vetbuild, mode:EDIT
2026-04-26 17:10:23, MOVE, v:1, k:ed@vetbuild, mode:EDIT
2026-04-26 17:12:28, MOVE, v:1, k:ed@vetbuild, mode:PICK
2026-04-26 17:12:29, EXEC, v:1, k:ed@vetbuild, mode:FULL, size:141, fail:COMP
2026-04-26 17:12:33, MOVE, v:1, k:ed@vetbuild, mode:BACK
2026-04-26 17:12:22, MOVE, v:1, k:ed@vetbuild, mode:EDIT
2026-04-26 17:24:47, MOVE, v:1, k:ed@vetbuild, mode:EDIT
2026-04-26 17:30:45, MOVE, v:1, k:ed@vetbuild, mode:EDIT
2026-04-26 17:32:05, MOVE, v:1, k:ed@vetbuild, mode:EDIT
2026-04-26 17:49:50, MOVE, v:1, k:ed@vetbuild, mode:EDIT
2026-04-26 17:54:57, MOVE, v:1, k:ed@vetbuild, mode:EDIT
2026-04-26 18:00:38, MOVE, v:1, k:ed@vetbuild, mode:EDIT
2026-04-26 18:05:40, MOVE, v:1, k:ed@vetbuild, mode:EDIT
2026-04-26 18:19:39, MOVE, v:1, k:ed@vetbuild, mode:PICK
2026-04-26 18:19:40, EXEC, v:1, k:ed@vetbuild, mode:FULL, rate:0, size:181
2026-04-26 18:20:40, EXEC, v:1, k:ed@vetbuild, mode:FULL, rate:0, size:179
2026-04-26 18:20:37, MOVE, v:1, k:ed@vetbuild, mode:EDIT
2026-04-26 18:21:03, EXEC, v:1, k:ed@vetbuild, mode:FULL, rate:0, size:179
2026-04-26 18:21:39, EXEC, v:1, k:ed@vetbuild, mode:FULL, rate:0, size:179
2026-04-26 18:25:49, MOVE, v:1, k:ed@vetbuild, mode:EDIT
2026-04-26 18:26:06, EXEC, v:1, k:ed@vetbuild, mode:FULL, rate:9, size:187
2026-04-26 18:26:33, EXEC, v:1, k:ed@vetbuild, mode:FULL, rate:9, size:187
2026-04-26 18:29:29, EXEC, v:1, k:ed@vetbuild, mode:FULL, rate:9, size:187
2026-04-26 18:30:37, EXEC, v:1, k:ed@vetbuild, mode:FULL, rate:9, size:187
2026-04-26 18:30:32, MOVE, v:1, k:ed@vetbuild, mode:EDIT
2026-04-26 18:34:23, EXEC, v:1, k:ed@vetbuild, mode:FULL, rate:9, size:182
2026-04-26 18:34:56, EXEC, v:1, k:ed@vetbuild, mode:FULL, rate:9, size:182
2026-04-26 18:35:49, EXEC, v:1, k:ed@vetbuild, mode:FULL, rate:18, size:182
2026-04-26 18:35:44, MOVE, v:1, k:ed@vetbuild, mode:EDIT
2026-04-26 18:47:06, MOVE, v:1, k:ed@vetbuild, mode:PICK
2026-04-26 18:47:08, EXEC, v:1, k:ed@vetbuild, mode:FULL, rate:18
2026-04-26 22:00:24, MOVE, v:1, k:ed@vetbuild, mode:EDIT
2026-04-26 22:05:24, MOVE, v:1, k:ed@vetbuild, mode:EDIT
2026-04-26 22:10:04, MOVE, v:1, k:ed@vetbuild, mode:EDIT
2026-04-26 22:11:20, MOVE, v:1, k:ed@vetbuild, mode:EDIT
2026-04-26 22:20:23, MOVE, v:1, k:ed@vetbuild, mode:EDIT
2026-04-26 22:25:17, MOVE, v:1, k:ed@vetbuild, mode:EDIT
2026-04-26 22:30:21, EXEC, v:1, k:ed@vetbuild, mode:FULL, rate:18, size:215
2026-04-26 22:30:20, MOVE, v:1, k:ed@vetbuild, mode:EDIT
2026-04-26 22:32:33, EXEC, v:1, k:ed@vetbuild, mode:FULL, rate:27, size:215
2026-04-26 22:33:15, EXEC, v:1, k:ed@vetbuild, mode:FULL, rate:27, size:215
2026-04-26 22:33:30, EXEC, v:1, k:ed@vetbuild, mode:FULL, rate:36, size:215
2026-04-26 22:33:46, MOVE, v:1, k:ed@vetbuild, mode:EDIT
