2026-05-11 19:53:31, SELF, v:1, k:ed@editorint, self:1, rate:100, study:540
2026-05-11 19:53:31, MOVE, v:1, k:ed@editorint, mode:PICK
2026-05-11 19:53:34, EXEC, v:1, k:ed@editorint, mode:LOCK, rate:0, size:343
2026-05-11 19:55:25, MOVE, v:1, k:ed@treinando, mode:PICK
2026-05-11 20:13:00, MOVE, v:1, k:ed@treinando, mode:EDIT
2026-05-11 20:13:37, MOVE, v:1, k:ed@treinando, mode:EDIT
2026-05-11 20:18:02, MOVE, v:1, k:ed@treinando, mode:EDIT
2026-05-11 20:18:24, MOVE, v:1, k:ed@treinando, mode:EDIT
2026-05-11 20:22:17, MOVE, v:1, k:ed@treinando, mode:EDIT
2026-05-11 20:23:49, MOVE, v:1, k:ed@treinando, mode:PICK
2026-05-11 20:23:50, EXEC, v:1, k:ed@treinando, mode:FULL, rate:0, size:98
2026-05-11 20:23:25, MOVE, v:1, k:ed@treinando, mode:EDIT
2026-05-11 20:24:29, EXEC, v:1, k:ed@treinando, mode:FULL, rate:0, size:98
2026-05-11 20:25:58, EXEC, v:1, k:ed@treinando, mode:FULL, rate:0, size:98
2026-05-11 20:27:16, EXEC, v:1, k:ed@treinando, mode:FULL, rate:0, size:101
2026-05-11 20:27:02, MOVE, v:1, k:ed@treinando, mode:EDIT
2026-05-11 20:28:30, MOVE, v:1, k:ed@treinando, mode:EDIT
2026-05-11 20:28:49, EXEC, v:1, k:ed@treinando, mode:FULL, rate:0, size:101
2026-05-11 20:28:30, MOVE, v:1, k:ed@treinando, mode:EDIT
2026-05-11 20:32:36, EXEC, v:1, k:ed@treinando, mode:FULL, rate:0, size:98
2026-05-11 20:33:00, MOVE, v:1, k:ed@treinando, mode:EDIT
2026-05-11 20:33:06, EXEC, v:1, k:ed@treinando, mode:FULL, rate:16, size:98
2026-05-11 20:33:00, MOVE, v:1, k:ed@treinando, mode:EDIT
2026-05-11 20:33:00, MOVE, v:1, k:ed@treinando, mode:EDIT
2026-05-11 20:35:59, EXEC, v:1, k:ed@treinando, mode:FULL, rate:0, size:96
2026-05-11 20:37:37, EXEC, v:1, k:ed@treinando, mode:FULL, rate:16, size:96
2026-05-11 20:37:36, MOVE, v:1, k:ed@treinando, mode:EDIT
2026-05-11 20:37:36, MOVE, v:1, k:ed@treinando, mode:EDIT
2026-05-11 20:37:36, MOVE, v:1, k:ed@treinando, mode:EDIT
