2026-05-02 18:12:44, MOVE, v:1, k:ed@setbuild, mode:PICK
2026-05-02 18:12:45, EXEC, v:1, k:ed@setbuild, mode:FULL, size:77, fail:COMP
2026-05-02 18:12:45, EXEC, v:1, k:ed@setbuild, mode:FULL, size:77, fail:COMP
2026-05-02 18:12:45, EXEC, v:1, k:ed@setbuild, mode:FULL, size:77, fail:COMP
2026-05-02 18:12:45, EXEC, v:1, k:ed@setbuild, mode:FULL, size:77, fail:COMP
2026-05-02 18:22:40, MOVE, v:1, k:ed@setbuild, mode:EDIT
2026-05-02 18:23:21, EXEC, v:1, k:ed@setbuild, mode:FULL, rate:0, size:82
2026-05-02 18:26:16, EXEC, v:1, k:ed@setbuild, mode:FULL, size:83, fail:COMP
2026-05-02 18:26:34, EXEC, v:1, k:ed@setbuild, mode:FULL, size:83, fail:COMP
2026-05-02 18:27:39, MOVE, v:1, k:ed@setbuild, mode:EDIT
2026-05-02 18:28:24, EXEC, v:1, k:ed@setbuild, mode:FULL, size:86, fail:COMP
2026-05-02 18:28:55, EXEC, v:1, k:ed@setbuild, mode:FULL, size:86, fail:COMP
2026-05-02 18:29:33, MOVE, v:1, k:ed@setbuild, mode:EDIT
2026-05-02 19:21:32, EXEC, v:1, k:ed@setbuild, mode:FULL, size:84, fail:COMP
2026-05-02 19:21:33, EXEC, v:1, k:ed@setbuild, mode:FULL, fail:COMP
2026-05-02 19:21:34, EXEC, v:1, k:ed@setbuild, mode:FULL, fail:COMP
2026-05-02 19:21:34, EXEC, v:1, k:ed@setbuild, mode:FULL, fail:COMP
2026-05-02 19:25:52, EXEC, v:1, k:ed@setbuild, mode:FULL, rate:0, size:92
2026-05-02 19:26:55, MOVE, v:1, k:ed@setbuild, mode:EDIT
2026-05-02 19:28:57, MOVE, v:1, k:ed@setbuild, mode:EDIT
2026-05-02 20:10:25, MOVE, v:1, k:ed@setbuild, mode:EDIT
2026-05-02 20:17:30, MOVE, v:1, k:ed@setbuild, mode:EDIT
2026-05-02 20:26:20, MOVE, v:1, k:ed@setbuild, mode:EDIT
2026-05-02 20:47:35, MOVE, v:1, k:ed@setbuild, mode:EDIT
2026-05-02 20:49:41, MOVE, v:1, k:ed@setbuild, mode:EDIT
2026-05-02 20:56:14, EXEC, v:1, k:ed@setbuild, mode:FULL, rate:0, size:121
2026-05-02 20:57:45, MOVE, v:1, k:ed@setbuild, mode:EDIT
2026-05-02 20:58:23, EXEC, v:1, k:ed@setbuild, mode:FULL, rate:0, size:122
2026-05-02 20:58:08, MOVE, v:1, k:ed@setbuild, mode:EDIT
2026-05-02 21:06:27, EXEC, v:1, k:ed@setbuild, mode:FULL, size:119, fail:COMP
2026-05-02 21:07:12, EXEC, v:1, k:ed@setbuild, mode:FULL, rate:0, size:118
2026-05-02 21:07:46, MOVE, v:1, k:ed@setbuild, mode:EDIT
2026-05-02 21:27:44, MOVE, v:1, k:ed@setbuild, mode:EDIT
2026-05-02 21:30:07, EXEC, v:1, k:ed@setbuild, mode:FULL, rate:0, size:129
2026-05-02 21:30:33, MOVE, v:1, k:ed@setbuild, mode:EDIT
2026-05-02 21:36:19, EXEC, v:1, k:ed@setbuild, mode:FULL, rate:0, size:130
2026-05-02 21:41:00, EXEC, v:1, k:ed@setbuild, mode:FULL, rate:0, size:130
2026-05-02 21:42:36, MOVE, v:1, k:ed@setbuild, mode:EDIT
2026-05-02 21:42:52, EXEC, v:1, k:ed@setbuild, mode:FULL, rate:0, size:131
