2026-04-12 14:07:37, MOVE, v:1, k:ed@fractais_png, mode:PICK
2026-04-12 14:07:39, EXEC, v:1, k:ed@fractais_png, mode:LOCK, rate:0, size:136
2026-04-12 14:07:39, MOVE, v:1, k:ed@fractais_png, mode:EDIT
2026-04-12 14:11:54, MOVE, v:1, k:ed@fractais_png, mode:EDIT
2026-04-12 14:16:41, MOVE, v:1, k:ed@fractais_png, mode:EDIT
2026-04-12 14:21:55, MOVE, v:1, k:ed@fractais_png, mode:EDIT
2026-04-12 14:26:39, MOVE, v:1, k:ed@fractais_png, mode:PICK
2026-04-12 14:26:40, EXEC, v:1, k:ed@fractais_png, mode:LOCK, rate:0, size:128
2026-04-12 14:26:23, MOVE, v:1, k:ed@fractais_png, mode:EDIT
2026-04-12 14:26:40, MOVE, v:1, k:ed@fractais_png, mode:EDIT
2026-04-12 14:27:29, EXEC, v:1, k:ed@fractais_png, mode:LOCK, rate:0, size:129
2026-04-12 14:29:42, EXEC, v:1, k:ed@fractais_png, mode:LOCK, rate:0, size:129
2026-04-12 14:30:56, EXEC, v:1, k:ed@fractais_png, mode:LOCK, rate:0, size:132
2026-04-12 14:30:56, MOVE, v:1, k:ed@fractais_png, mode:EDIT
2026-04-12 14:30:55, MOVE, v:1, k:ed@fractais_png, mode:EDIT
2026-04-12 14:30:55, MOVE, v:1, k:ed@fractais_png, mode:EDIT
2026-04-12 14:30:56, MOVE, v:1, k:ed@fractais_png, mode:EDIT
2026-04-12 14:32:29, MOVE, v:1, k:ed@fractais_png, mode:PICK
2026-04-12 14:32:30, EXEC, v:1, k:ed@fractais_png, mode:LOCK, rate:0, size:132
2026-04-12 14:33:01, EXEC, v:1, k:ed@fractais_png, mode:LOCK, rate:0, size:132
2026-04-12 14:33:21, EXEC, v:1, k:ed@fractais_png, mode:LOCK, rate:0, size:132
2026-04-12 14:34:25, EXEC, v:1, k:ed@fractais_png, mode:LOCK, rate:0, size:132
2026-04-12 14:34:39, EXEC, v:1, k:ed@fractais_png, mode:LOCK, rate:0, size:132
2026-04-12 14:34:37, MOVE, v:1, k:ed@fractais_png, mode:EDIT
2026-04-12 14:34:39, MOVE, v:1, k:ed@fractais_png, mode:EDIT
2026-04-12 14:35:05, MOVE, v:1, k:ed@fractais_png, mode:EDIT
2026-04-12 14:34:39, MOVE, v:1, k:ed@fractais_png, mode:EDIT
2026-04-12 14:34:37, MOVE, v:1, k:ed@fractais_png, mode:EDIT
2026-04-12 14:37:01, MOVE, v:1, k:ed@fractais_png, mode:EDIT
2026-04-12 14:37:01, MOVE, v:1, k:ed@fractais_png, mode:EDIT
2026-04-12 14:41:53, MOVE, v:1, k:ed@fractais_png, mode:EDIT
2026-04-12 14:41:53, MOVE, v:1, k:ed@fractais_png, mode:EDIT
2026-04-12 15:14:00, MOVE, v:1, k:ed@fractais_png, mode:EDIT
2026-04-12 15:14:00, MOVE, v:1, k:ed@fractais_png, mode:EDIT
2026-04-12 15:20:32, MOVE, v:1, k:ed@fractais_png, mode:EDIT
2026-04-12 15:20:32, MOVE, v:1, k:ed@fractais_png, mode:EDIT
2026-04-12 15:26:09, EXEC, v:1, k:ed@fractais_png, mode:FULL, size:128, fail:COMP
2026-04-12 15:25:37, MOVE, v:1, k:ed@fractais_png, mode:EDIT
2026-04-12 15:25:37, MOVE, v:1, k:ed@fractais_png, mode:EDIT
2026-04-12 15:28:13, EXEC, v:1, k:ed@fractais_png, mode:LOCK, rate:0, size:121
2026-04-12 15:28:11, MOVE, v:1, k:ed@fractais_png, mode:EDIT
2026-04-12 15:28:13, MOVE, v:1, k:ed@fractais_png, mode:EDIT
2026-04-12 15:28:11, MOVE, v:1, k:ed@fractais_png, mode:EDIT
2026-04-12 15:28:13, MOVE, v:1, k:ed@fractais_png, mode:EDIT
2026-04-12 16:15:11, MOVE, v:1, k:ed@fractais_png, mode:BACK
2026-04-12 16:15:24, MOVE, v:1, k:ed@manipulacao, mode:PICK
2026-04-12 16:15:26, EXEC, v:1, k:ed@manipulacao, mode:FULL, rate:100
2026-04-12 16:15:30, MOVE, v:1, k:ed@manipulacao, mode:BACK
2026-04-12 16:16:08, SELF, v:1, k:ed@manipulacao, self:1, rate:100, study:45, friend:marcelo
2026-04-12 16:19:31, MOVE, v:1, k:ed@fractais_png, mode:EDIT
2026-04-12 16:19:31, MOVE, v:1, k:ed@fractais_png, mode:EDIT
2026-04-12 16:21:50, MOVE, v:1, k:ed@fractais_png, mode:PICK
2026-04-12 16:21:51, EXEC, v:1, k:ed@fractais_png, mode:LOCK, rate:0, size:138
2026-04-12 16:21:46, MOVE, v:1, k:ed@fractais_png, mode:EDIT
2026-04-12 16:21:51, MOVE, v:1, k:ed@fractais_png, mode:EDIT
2026-04-12 16:22:19, MOVE, v:1, k:ed@fractais_png, mode:EDIT
2026-04-12 16:21:46, MOVE, v:1, k:ed@fractais_png, mode:EDIT
2026-04-12 16:21:51, MOVE, v:1, k:ed@fractais_png, mode:EDIT
2026-04-12 16:22:19, MOVE, v:1, k:ed@fractais_png, mode:EDIT
2026-04-12 21:16:29, MOVE, v:1, k:ed@fractais_png, mode:EDIT
2026-04-12 21:16:29, MOVE, v:1, k:ed@fractais_png, mode:EDIT
2026-04-12 21:18:19, MOVE, v:1, k:ed@fractais_png, mode:PICK
2026-04-12 21:18:19, EXEC, v:1, k:ed@fractais_png, mode:LOCK, rate:0, size:137
2026-04-12 21:18:53, EXEC, v:1, k:ed@fractais_png, mode:LOCK, rate:0, size:136
2026-04-12 21:20:45, MOVE, v:1, k:ed@fractais_png, mode:PICK
2026-04-12 21:20:45, EXEC, v:1, k:ed@fractais_png, mode:LOCK, rate:0, size:137
2026-04-12 21:21:50, MOVE, v:1, k:ed@fractais_png, mode:EDIT
2026-04-12 21:20:45, MOVE, v:1, k:ed@fractais_png, mode:EDIT
2026-04-12 21:21:50, MOVE, v:1, k:ed@fractais_png, mode:EDIT
2026-04-12 21:20:45, MOVE, v:1, k:ed@fractais_png, mode:EDIT
2026-04-12 21:22:33, EXEC, v:1, k:ed@fractais_png, mode:FULL, size:136, fail:COMP
2026-04-12 21:22:51, EXEC, v:1, k:ed@fractais_png, mode:LOCK, rate:0, size:136
2026-04-12 21:22:51, MOVE, v:1, k:ed@fractais_png, mode:EDIT
2026-04-12 21:22:50, MOVE, v:1, k:ed@fractais_png, mode:EDIT
2026-04-12 21:23:32, EXEC, v:1, k:ed@fractais_png, mode:LOCK, rate:0, size:136
2026-04-12 21:25:22, EXEC, v:1, k:ed@fractais_png, mode:LOCK, rate:0, size:136
2026-04-12 21:25:22, EXEC, v:1, k:ed@fractais_png, mode:LOCK, rate:0, size:136
2026-04-12 21:25:40, EXEC, v:1, k:ed@fractais_png, mode:LOCK, rate:0, size:136
2026-04-12 21:25:40, MOVE, v:1, k:ed@fractais_png, mode:EDIT
2026-04-12 21:25:36, MOVE, v:1, k:ed@fractais_png, mode:EDIT
2026-04-12 21:25:36, MOVE, v:1, k:ed@fractais_png, mode:EDIT
2026-04-12 21:25:40, MOVE, v:1, k:ed@fractais_png, mode:EDIT
2026-04-12 21:25:36, MOVE, v:1, k:ed@fractais_png, mode:EDIT
2026-04-12 21:25:40, MOVE, v:1, k:ed@fractais_png, mode:EDIT
2026-04-12 21:25:36, MOVE, v:1, k:ed@fractais_png, mode:EDIT
2026-04-12 21:25:40, MOVE, v:1, k:ed@fractais_png, mode:EDIT
2026-04-12 21:27:41, MOVE, v:1, k:ed@fractais_png, mode:EDIT
2026-04-12 21:27:41, MOVE, v:1, k:ed@fractais_png, mode:EDIT
2026-04-12 21:27:41, MOVE, v:1, k:ed@fractais_png, mode:EDIT
2026-04-12 21:27:41, MOVE, v:1, k:ed@fractais_png, mode:EDIT
