2026-05-22 20:09:10, MOVE, v:1, k:ed@priminhos, mode:DOWN
2026-05-22 20:09:10, MOVE, v:1, k:ed@priminhos, mode:EDIT
2026-05-22 20:09:10, MOVE, v:1, k:ed@priminhos, mode:EDIT
2026-05-22 20:09:10, MOVE, v:1, k:ed@priminhos, mode:EDIT
2026-05-22 20:12:28, MOVE, v:1, k:ed@prin_list1, mode:EDIT
2026-05-22 20:18:17, MOVE, v:1, k:ed@prin_list1, mode:EDIT
2026-05-22 20:18:29, MOVE, v:1, k:ed@prin_list1, mode:PICK
2026-05-22 20:18:30, EXEC, v:1, k:ed@prin_list1, mode:FULL, size:189, fail:COMP
2026-05-22 20:18:41, EXEC, v:1, k:ed@prin_list1, mode:FULL, rate:0, size:188
2026-05-22 20:20:58, EXEC, v:1, k:ed@prin_list1, mode:FULL, rate:0, size:187
2026-05-22 20:22:13, EXEC, v:1, k:ed@prin_list1, mode:FULL, rate:0, size:185
2026-05-22 20:23:18, MOVE, v:1, k:ed@prin_list1, mode:EDIT
2026-05-22 20:23:44, EXEC, v:1, k:ed@prin_list1, mode:FULL, rate:0, size:185
2026-05-22 20:23:56, EXEC, v:1, k:ed@prin_list1, mode:FULL, rate:0, size:185
2026-05-22 20:24:06, EXEC, v:1, k:ed@prin_list1, mode:FULL, rate:0, size:185
2026-05-22 20:25:25, EXEC, v:1, k:ed@prin_list1, mode:FULL, rate:100, size:188
2026-05-22 20:25:32, MOVE, v:1, k:ed@prin_list1, mode:BACK
2026-05-22 20:25:45, MOVE, v:1, k:ed@prin_list1, mode:PICK
2026-05-22 20:25:46, EXEC, v:1, k:ed@prin_list1, mode:FULL, rate:100
2026-05-22 20:25:47, MOVE, v:1, k:ed@prin_list1, mode:BACK
2026-05-22 20:25:55, SELF, v:1, k:ed@prin_list1, self:1, rate:100, study:15
2026-05-22 20:25:56, MOVE, v:1, k:ed@prin_list1, mode:PICK
2026-05-22 20:25:58, MOVE, v:1, k:ed@prin_list1, mode:BACK
2026-05-22 20:25:24, MOVE, v:1, k:ed@prin_list1, mode:EDIT
2026-05-22 20:29:45, MOVE, v:1, k:ed@prin_list2, mode:DOWN
2026-05-22 20:29:45, MOVE, v:1, k:ed@prin_list2, mode:EDIT
2026-05-22 20:29:45, MOVE, v:1, k:ed@prin_list2, mode:EDIT
2026-05-22 20:29:45, MOVE, v:1, k:ed@prin_list2, mode:EDIT
2026-05-22 21:31:20, MOVE, v:1, k:ed@prin_list2, mode:EDIT
2026-05-22 21:36:08, MOVE, v:1, k:ed@prin_list2, mode:EDIT
2026-05-22 21:40:49, MOVE, v:1, k:ed@prin_list2, mode:PICK
2026-05-22 21:40:50, EXEC, v:1, k:ed@prin_list2, mode:FULL, rate:0, size:66
2026-05-22 21:41:13, EXEC, v:1, k:ed@prin_list2, mode:FULL, rate:30, size:66
2026-05-22 21:41:04, MOVE, v:1, k:ed@prin_list2, mode:EDIT
2026-05-22 21:44:28, MOVE, v:1, k:ed@prin_list2, mode:EDIT
2026-05-22 21:49:35, EXEC, v:1, k:ed@prin_list2, mode:FULL, rate:0, size:68
2026-05-22 21:49:42, EXEC, v:1, k:ed@prin_list2, mode:FULL, rate:100, size:68
2026-05-22 21:49:45, MOVE, v:1, k:ed@prin_list2, mode:BACK
2026-05-22 21:50:11, SELF, v:1, k:ed@prin_list2, self:1, rate:100, study:30
2026-05-22 21:50:11, MOVE, v:1, k:ed@prin_list2, mode:PICK
2026-05-22 21:50:13, MOVE, v:1, k:ed@prin_list2, mode:BACK
