2026-05-25 09:49:56, MOVE, v:1, k:ed@wordsearch, mode:DOWN
2026-05-25 09:49:56, MOVE, v:1, k:ed@wordsearch, mode:EDIT
2026-05-25 09:49:56, MOVE, v:1, k:ed@wordsearch, mode:EDIT
2026-05-25 09:49:56, MOVE, v:1, k:ed@wordsearch, mode:EDIT
2026-05-25 09:49:56, MOVE, v:1, k:ed@wordsearch, mode:EDIT
2026-05-25 09:50:05, MOVE, v:1, k:ed@bitcoin, mode:EDIT
2026-05-25 10:09:30, MOVE, v:1, k:ed@wordsearch, mode:EDIT
2026-05-25 10:12:59, MOVE, v:1, k:ed@wordsearch, mode:EDIT
2026-05-25 10:16:37, MOVE, v:1, k:ed@wordsearch, mode:PICK
2026-05-25 10:16:38, EXEC, v:1, k:ed@wordsearch, mode:FULL, rate:0, size:85
2026-05-25 10:16:40, EXEC, v:1, k:ed@wordsearch, mode:FULL, rate:0
2026-05-25 10:17:33, EXEC, v:1, k:ed@wordsearch, mode:FULL, rate:75, size:88
2026-05-25 10:18:45, EXEC, v:1, k:ed@wordsearch, mode:FULL, rate:75
2026-05-25 10:19:10, EXEC, v:1, k:ed@wordsearch, mode:FULL, rate:75, size:89
2026-05-25 10:19:24, EXEC, v:1, k:ed@wordsearch, mode:FULL, rate:25, size:90
2026-05-25 10:19:23, MOVE, v:1, k:ed@wordsearch, mode:EDIT
2026-05-25 10:24:14, EXEC, v:1, k:ed@wordsearch, mode:FULL, rate:100, size:89
2026-05-25 10:24:12, MOVE, v:1, k:ed@wordsearch, mode:EDIT
2026-05-25 10:24:46, MOVE, v:1, k:ed@wordsearch, mode:BACK
2026-05-25 10:25:35, SELF, v:1, k:ed@wordsearch, self:1, rate:100, study:50, problem:1
2026-05-25 11:12:56, MOVE, v:1, k:ed@subset_sum, mode:DOWN
2026-05-25 11:12:56, MOVE, v:1, k:ed@subset_sum, mode:EDIT
2026-05-25 11:12:56, MOVE, v:1, k:ed@subset_sum, mode:EDIT
2026-05-25 11:24:56, MOVE, v:1, k:ed@subset_sum, mode:EDIT
2026-05-25 11:30:03, MOVE, v:1, k:ed@subset_sum, mode:EDIT
2026-05-25 11:33:36, MOVE, v:1, k:ed@subset_sum, mode:EDIT
2026-05-25 11:39:49, MOVE, v:1, k:ed@subset_sum, mode:PICK
2026-05-25 11:39:50, EXEC, v:1, k:ed@subset_sum, mode:FULL, size:24, fail:COMP
2026-05-25 11:39:50, EXEC, v:1, k:ed@subset_sum, mode:FULL, size:24, fail:COMP
2026-05-25 11:38:15, MOVE, v:1, k:ed@subset_sum, mode:EDIT
2026-05-25 11:41:12, EXEC, v:1, k:ed@subset_sum, mode:FULL, rate:100, size:25
2026-05-25 11:41:21, MOVE, v:1, k:ed@subset_sum, mode:BACK
2026-05-25 11:41:32, SELF, v:1, k:ed@subset_sum, self:1, rate:100, study:30
2026-05-25 11:41:33, MOVE, v:1, k:ed@subset_sum, mode:PICK
2026-05-25 11:41:34, MOVE, v:1, k:ed@subset_sum, mode:BACK
2026-05-25 13:54:37, MOVE, v:1, k:ed@ilhas, mode:DOWN
2026-05-25 13:54:37, MOVE, v:1, k:ed@ilhas, mode:EDIT
2026-05-25 13:54:37, MOVE, v:1, k:ed@ilhas, mode:EDIT
2026-05-25 13:54:37, MOVE, v:1, k:ed@ilhas, mode:EDIT
2026-05-25 13:59:00, MOVE, v:1, k:ed@ilhas, mode:PICK
2026-05-25 13:59:01, EXEC, v:1, k:ed@ilhas, mode:FULL, size:31, fail:COMP
2026-05-25 13:59:02, EXEC, v:1, k:ed@ilhas, mode:FULL, fail:COMP
2026-05-25 13:59:02, EXEC, v:1, k:ed@ilhas, mode:FULL, fail:COMP
2026-05-25 13:59:03, EXEC, v:1, k:ed@ilhas, mode:FULL, fail:COMP
2026-05-25 13:59:24, EXEC, v:1, k:ed@ilhas, mode:FULL, size:31, fail:COMP
2026-05-25 13:59:24, MOVE, v:1, k:ed@ilhas, mode:EDIT
2026-05-25 14:14:10, EXEC, v:1, k:ed@ilhas, mode:FULL, fail:COMP
2026-05-25 14:14:19, MOVE, v:1, k:ed@ilhas, mode:EDIT
2026-05-25 14:22:32, MOVE, v:1, k:ed@ilhas, mode:EDIT
2026-05-25 14:23:02, MOVE, v:1, k:ed@ilhas, mode:EDIT
2026-05-25 14:39:33, MOVE, v:1, k:ed@ilhas, mode:EDIT
2026-05-25 14:49:10, MOVE, v:1, k:ed@ilhas, mode:EDIT
2026-05-25 15:19:42, MOVE, v:1, k:ed@ilhas, mode:PICK
2026-05-25 15:19:44, EXEC, v:1, k:ed@ilhas, mode:FULL, rate:0, size:50
2026-05-25 15:20:12, EXEC, v:1, k:ed@ilhas, mode:FULL, rate:0, size:53
2026-05-25 15:21:18, EXEC, v:1, k:ed@ilhas, mode:FULL, rate:100, size:53
2026-05-25 15:21:23, MOVE, v:1, k:ed@ilhas, mode:BACK
2026-05-25 15:21:40, SELF, v:1, k:ed@ilhas, self:1, rate:100, study:75
2026-05-25 15:40:16, MOVE, v:1, k:ed@cercado, mode:DOWN
2026-05-25 15:40:16, MOVE, v:1, k:ed@cercado, mode:EDIT
2026-05-25 15:40:16, MOVE, v:1, k:ed@cercado, mode:EDIT
2026-05-25 15:40:16, MOVE, v:1, k:ed@cercado, mode:EDIT
2026-05-25 16:59:36, MOVE, v:1, k:ed@fractais_png, mode:PICK
2026-05-25 16:59:40, EXEC, v:1, k:ed@fractais_png, mode:LOCK, rate:0
2026-05-25 16:59:40, MOVE, v:1, k:ed@fractais_png, mode:EDIT
2026-05-25 19:39:39, MOVE, v:1, k:ed@balanceada, mode:DOWN
2026-05-25 19:39:39, MOVE, v:1, k:ed@balanceada, mode:EDIT
2026-05-25 19:39:39, MOVE, v:1, k:ed@balanceada, mode:EDIT
2026-05-25 19:39:39, MOVE, v:1, k:ed@balanceada, mode:EDIT
