2026-05-20 05:48:37, EXEC, v:1, k:ed@lista_d2, mode:FULL, rate:20, size:203
2026-05-20 05:50:17, EXEC, v:1, k:ed@lista_d2, mode:FULL, rate:20, size:204
2026-05-20 05:50:14, MOVE, v:1, k:ed@lista_d2, mode:EDIT
2026-05-20 05:50:14, MOVE, v:1, k:ed@lista_d2, mode:EDIT
2026-05-20 05:57:33, EXEC, v:1, k:ed@lista_d2, mode:FULL, rate:100, size:215
2026-05-20 05:57:46, MOVE, v:1, k:ed@lista_d2, mode:BACK
2026-05-20 05:58:11, SELF, v:1, k:ed@lista_d2, self:1, rate:100, study:150
2026-05-20 05:57:32, MOVE, v:1, k:ed@lista_d2, mode:EDIT
2026-05-20 05:57:32, MOVE, v:1, k:ed@lista_d2, mode:EDIT
2026-05-20 05:59:38, MOVE, v:1, k:ed@lista_d4, mode:DOWN
2026-05-20 05:59:38, MOVE, v:1, k:ed@lista_d4, mode:EDIT
2026-05-20 05:59:38, MOVE, v:1, k:ed@lista_d4, mode:EDIT
2026-05-20 05:59:38, MOVE, v:1, k:ed@lista_d4, mode:EDIT
2026-05-20 05:59:38, MOVE, v:1, k:ed@lista_d4, mode:EDIT
2026-05-20 05:59:38, MOVE, v:1, k:ed@lista_d4, mode:EDIT
2026-05-20 05:59:38, MOVE, v:1, k:ed@lista_d4, mode:EDIT
2026-05-20 05:59:38, MOVE, v:1, k:ed@lista_d4, mode:EDIT
2026-05-20 05:59:38, MOVE, v:1, k:ed@lista_d4, mode:EDIT
2026-05-20 06:06:52, MOVE, v:1, k:ed@lista_d4, mode:PICK
2026-05-20 06:06:53, EXEC, v:1, k:ed@lista_d4, mode:FULL, rate:0, size:124
2026-05-20 06:07:52, EXEC, v:1, k:ed@lista_d4, mode:FULL, rate:0, size:127
2026-05-20 06:08:16, EXEC, v:1, k:ed@lista_d4, mode:FULL, rate:0, size:128
2026-05-20 06:08:14, MOVE, v:1, k:ed@lista_d4, mode:EDIT
2026-05-20 06:08:14, MOVE, v:1, k:ed@lista_d4, mode:EDIT
2026-05-20 06:09:48, EXEC, v:1, k:ed@lista_d4, mode:FULL, rate:0, size:134
2026-05-20 06:10:33, MOVE, v:1, k:ed@lista_d4, mode:EDIT
2026-05-20 06:10:33, MOVE, v:1, k:ed@lista_d4, mode:EDIT
2026-05-20 06:16:55, EXEC, v:1, k:ed@lista_d4, mode:FULL, rate:66, size:143
2026-05-20 06:18:11, MOVE, v:1, k:ed@lista_d4, mode:EDIT
2026-05-20 06:18:11, MOVE, v:1, k:ed@lista_d4, mode:EDIT
2026-05-20 06:18:44, EXEC, v:1, k:ed@lista_d4, mode:FULL, rate:66, size:149
2026-05-20 06:21:43, EXEC, v:1, k:ed@lista_d4, mode:FULL, rate:100, size:150
2026-05-20 06:21:50, MOVE, v:1, k:ed@lista_d4, mode:BACK
2026-05-20 06:22:14, SELF, v:1, k:ed@lista_d4, self:1, rate:100, study:35
2026-05-20 06:22:15, MOVE, v:1, k:ed@lista_d4, mode:PICK
2026-05-20 06:22:16, EXEC, v:1, k:ed@lista_d4, mode:FULL, rate:100
2026-05-20 06:22:18, MOVE, v:1, k:ed@lista_d4, mode:BACK
2026-05-20 06:22:27, MOVE, v:1, k:ed@prin_list1, mode:DOWN
2026-05-20 06:21:41, MOVE, v:1, k:ed@lista_d4, mode:EDIT
2026-05-20 06:22:27, MOVE, v:1, k:ed@prin_list1, mode:EDIT
2026-05-20 06:22:27, MOVE, v:1, k:ed@prin_list1, mode:EDIT
2026-05-20 06:22:27, MOVE, v:1, k:ed@prin_list1, mode:EDIT
2026-05-20 06:22:27, MOVE, v:1, k:ed@prin_list1, mode:EDIT
2026-05-20 06:22:27, MOVE, v:1, k:ed@prin_list1, mode:EDIT
2026-05-20 06:22:27, MOVE, v:1, k:ed@prin_list1, mode:EDIT
2026-05-20 06:22:27, MOVE, v:1, k:ed@prin_list1, mode:EDIT
2026-05-20 06:22:27, MOVE, v:1, k:ed@prin_list1, mode:EDIT
2026-05-20 12:40:22, MOVE, v:1, k:ed@prin_list1, mode:EDIT
2026-05-20 12:40:22, MOVE, v:1, k:ed@prin_list1, mode:EDIT
2026-05-20 12:46:43, MOVE, v:1, k:ed@prin_list1, mode:EDIT
2026-05-20 12:46:43, MOVE, v:1, k:ed@prin_list1, mode:EDIT
