2026-04-20 17:05:32, MOVE, v:1, k:ed@fractais_png, mode:PICK
2026-04-20 17:05:33, EXEC, v:1, k:ed@fractais_png, mode:FULL, size:138, fail:COMP
2026-04-20 17:05:44, EXEC, v:1, k:ed@fractais_png, mode:LOCK, rate:0, size:137
2026-04-20 17:06:22, EXEC, v:1, k:ed@fractais_png, mode:LOCK, rate:0, size:137
2026-04-20 17:06:43, EXEC, v:1, k:ed@fractais_png, mode:LOCK, rate:0, size:137
2026-04-20 17:07:57, MOVE, v:1, k:ed@fractais_png, mode:BACK
2026-04-20 17:09:10, SELF, v:1, k:ed@fractais_png, self:1, rate:100, study:660, concept:1
2026-04-20 17:09:25, MOVE, v:1, k:ed@triangulo, mode:DOWN
2026-04-20 17:09:56, MOVE, v:1, k:ed@triangulo, mode:PICK
2026-04-20 17:09:58, EXEC, v:1, k:ed@triangulo, mode:FULL, rate:0, size:48
2026-04-20 17:06:41, MOVE, v:1, k:ed@fractais_png, mode:EDIT
2026-04-20 17:06:43, MOVE, v:1, k:ed@fractais_png, mode:EDIT
2026-04-20 17:07:29, MOVE, v:1, k:ed@fractais_png, mode:EDIT
2026-04-20 17:09:25, MOVE, v:1, k:ed@triangulo, mode:EDIT
2026-04-20 17:09:25, MOVE, v:1, k:ed@triangulo, mode:EDIT
2026-04-20 17:09:25, MOVE, v:1, k:ed@triangulo, mode:EDIT
2026-04-20 21:12:56, EXEC, v:1, k:ed@triangulo, mode:FULL, rate:0
2026-04-20 21:28:39, EXEC, v:1, k:ed@triangulo, mode:FULL, rate:0
2026-04-20 21:29:13, EXEC, v:1, k:ed@triangulo, mode:FULL, rate:0
2026-04-20 21:29:43, EXEC, v:1, k:ed@triangulo, mode:FULL, rate:0
2026-04-20 21:32:43, EXEC, v:1, k:ed@triangulo, mode:FULL, rate:0
2026-04-20 21:33:33, EXEC, v:1, k:ed@triangulo, mode:FULL, rate:0
2026-04-20 21:34:50, EXEC, v:1, k:ed@triangulo, mode:FULL, rate:0
2026-04-20 21:35:48, EXEC, v:1, k:ed@triangulo, mode:FULL, rate:0
2026-04-20 21:36:14, MOVE, v:1, k:ed@triangulo, mode:BACK
2026-04-20 21:36:21, MOVE, v:1, k:ed@triangulo, mode:PICK
2026-04-20 21:36:22, EXEC, v:1, k:ed@triangulo, mode:FULL, rate:0
2026-04-20 21:37:01, EXEC, v:1, k:ed@triangulo, mode:FULL, rate:0
2026-04-20 21:37:37, EXEC, v:1, k:ed@triangulo, mode:FULL, rate:0
2026-04-20 21:39:54, EXEC, v:1, k:ed@triangulo, mode:FULL, rate:0
2026-04-20 21:41:44, EXEC, v:1, k:ed@triangulo, mode:FULL, rate:0
2026-04-20 21:42:01, EXEC, v:1, k:ed@triangulo, mode:FULL, rate:0
2026-04-20 21:42:42, EXEC, v:1, k:ed@triangulo, mode:FULL, rate:0
2026-04-20 21:43:20, EXEC, v:1, k:ed@triangulo, mode:FULL, rate:0, size:54
2026-04-20 21:43:33, EXEC, v:1, k:ed@triangulo, mode:FULL, rate:0, size:52
2026-04-20 21:43:42, EXEC, v:1, k:ed@triangulo, mode:FULL, rate:0, size:52
2026-04-20 21:44:38, EXEC, v:1, k:ed@triangulo, mode:FULL, rate:0, size:54
2026-04-20 21:45:02, EXEC, v:1, k:ed@triangulo, mode:FULL, rate:0, size:54
2026-04-20 21:45:52, EXEC, v:1, k:ed@triangulo, mode:FULL, rate:100, size:54
2026-04-20 21:45:51, MOVE, v:1, k:ed@triangulo, mode:EDIT
2026-04-20 21:47:30, MOVE, v:1, k:ed@triangulo, mode:BACK
2026-04-20 21:49:05, MOVE, v:1, k:ed@triangulo, mode:PICK
2026-04-20 21:49:08, MOVE, v:1, k:ed@triangulo, mode:BACK
2026-04-20 21:49:35, SELF, v:1, k:ed@triangulo, self:1, rate:100, study:35
2026-04-20 21:49:35, MOVE, v:1, k:ed@triangulo, mode:PICK
2026-04-20 21:49:42, MOVE, v:1, k:ed@triangulo, mode:BACK
2026-04-20 21:49:58, MOVE, v:1, k:ed@treinando, mode:PICK
2026-04-20 21:50:25, MOVE, v:1, k:ed@treinando, mode:EDIT
2026-04-20 21:58:58, MOVE, v:1, k:ed@treinando, mode:EDIT
2026-04-20 22:00:24, MOVE, v:1, k:ed@treinando, mode:BACK
2026-04-20 22:00:27, MOVE, v:1, k:ed@resto, mode:DOWN
2026-04-20 21:59:56, MOVE, v:1, k:ed@treinando, mode:EDIT
2026-04-20 22:00:27, MOVE, v:1, k:ed@resto, mode:EDIT
2026-04-20 22:00:27, MOVE, v:1, k:ed@resto, mode:EDIT
2026-04-20 22:03:57, MOVE, v:1, k:ed@resto, mode:EDIT
2026-04-20 22:04:41, MOVE, v:1, k:ed@resto, mode:EDIT
