2026-07-12 01:24:42, EXEC, v:1, k:ed@priminhos, mode:FULL, rate:0
2026-07-12 01:24:59, MOVE, v:1, k:ed@priminhos, mode:EDIT
2026-07-12 01:24:59, MOVE, v:1, k:ed@priminhos, mode:EDIT
2026-07-12 01:24:59, MOVE, v:1, k:ed@priminhos, mode:EDIT
2026-07-12 01:30:05, MOVE, v:1, k:ed@priminhos, mode:EDIT
2026-07-12 01:30:05, MOVE, v:1, k:ed@priminhos, mode:EDIT
2026-07-12 01:30:05, MOVE, v:1, k:ed@priminhos, mode:EDIT
2026-07-12 01:31:40, EXEC, v:1, k:ed@priminhos, mode:FULL, rate:0, size:25
2026-07-12 01:34:53, EXEC, v:1, k:ed@priminhos, mode:FULL, rate:25, size:29
2026-07-12 01:34:52, MOVE, v:1, k:ed@priminhos, mode:EDIT
2026-07-12 01:34:52, MOVE, v:1, k:ed@priminhos, mode:EDIT
2026-07-12 01:34:52, MOVE, v:1, k:ed@priminhos, mode:EDIT
2026-07-12 01:36:47, EXEC, v:1, k:ed@priminhos, mode:FULL, rate:0, size:31
2026-07-12 01:38:27, EXEC, v:1, k:ed@priminhos, mode:FULL, rate:0, size:36
2026-07-12 01:38:38, EXEC, v:1, k:ed@priminhos, mode:FULL, rate:0, size:36
2026-07-12 01:39:00, EXEC, v:1, k:ed@priminhos, mode:FULL, rate:0, size:36
2026-07-12 01:40:00, EXEC, v:1, k:ed@priminhos, mode:FULL, rate:25, size:36
2026-07-12 01:39:59, MOVE, v:1, k:ed@priminhos, mode:EDIT
2026-07-12 01:39:59, MOVE, v:1, k:ed@priminhos, mode:EDIT
2026-07-12 01:39:59, MOVE, v:1, k:ed@priminhos, mode:EDIT
2026-07-12 01:40:10, EXEC, v:1, k:ed@priminhos, mode:FULL, rate:50, size:36
2026-07-12 01:40:20, EXEC, v:1, k:ed@priminhos, mode:FULL, rate:100, size:36
2026-07-12 01:40:22, MOVE, v:1, k:ed@priminhos, mode:BACK
2026-07-12 01:40:31, SELF, v:1, k:ed@priminhos, self:1, rate:100, study:30
2026-07-12 01:40:32, MOVE, v:1, k:ed@priminhos, mode:PICK
2026-07-12 01:40:33, EXEC, v:1, k:ed@priminhos, mode:FULL, rate:100
2026-07-12 01:40:33, MOVE, v:1, k:ed@priminhos, mode:BACK
2026-07-12 01:40:19, MOVE, v:1, k:ed@priminhos, mode:EDIT
2026-07-12 01:40:19, MOVE, v:1, k:ed@priminhos, mode:EDIT
2026-07-12 01:50:01, MOVE, v:1, k:ed@multiset, mode:EDIT
2026-07-12 01:50:08, MOVE, v:1, k:ed@multiset, mode:EDIT
2026-07-12 01:50:39, MOVE, v:1, k:ed@multiset, mode:EDIT
2026-07-12 01:54:52, MOVE, v:1, k:ed@multiset, mode:EDIT
2026-07-12 01:54:52, MOVE, v:1, k:ed@multiset, mode:EDIT
2026-07-12 01:55:24, MOVE, v:1, k:ed@multiset, mode:EDIT
2026-07-12 02:00:04, MOVE, v:1, k:ed@multiset, mode:EDIT
2026-07-12 02:00:04, MOVE, v:1, k:ed@multiset, mode:EDIT
2026-07-12 02:00:40, MOVE, v:1, k:ed@multiset, mode:EDIT
